<?xml version="1.0" encoding="UTF-8"?>
<!-- Generated by org.testng.reporters.JUnitReportReporter -->
<testsuite hostname="DESKTOP-JGPDUBN" failures="0" tests="1" name="testcases.Basic_Script" time="7.803" errors="0" timestamp="2025-01-10T00:03:03 IST" skipped="0">
  <testcase classname="testcases.Basic_Script" name="launchURL" time="7.803"/>
  <system-out/>
</testsuite> <!-- testcases.Basic_Script -->
